10:46 SdheroPro :  placed a sign @ lobby: x69, z45
  Titan rank:
  Will rewarded
  20K claimblocks 
  get 20% of evry 
10:47 SdheroPro :  placed a sign @ lobby: x69, z46
  Next all ranks 
  info is at the hut
  on the corner
  -rank purchased
10:53 SdheroPro :  placed a sign @ lobby: x92, z17
  Titan:$200K
  Vip:$800K
  Devil:$2M
  Hacker:$5M
10:53 SdheroPro :  placed a sign @ lobby: x92, z17
  Titan:$200K
  Vip:$1M
  Devil:$2M
  Hacker:$5M
12:05 SdheroPro : /essentials:action 
13:07 SdheroPro :  placed a sign @ lobby: x71, z43
  use rtp only
  in the survival 
  world by clicking
  survival npc
13:07 SdheroPro :  placed a sign @ lobby: x48, z68
  The Portal is only
  for oped players
  (OWNERS)
13:08 SdheroPro :  placed a sign @ lobby: x52, z67
  &4hello
13:37 SdheroPro : who are u
13:38 lsdfbdsfjsdhsdf: hamad
13:38 SdheroPro      : i am hammads brother
13:38 SdheroPro      : i am hammads big brother
13:38 lsdfbdsfjsdhsdf: ok
13:38 lsdfbdsfjsdhsdf: whp kidar ha
13:39 SdheroPro      : come here
13:39 SdheroPro      : check the shop now
13:39 SdheroPro      : is it working
13:39 lsdfbdsfjsdhsdf: amour
13:40 SdheroPro      : what armour
13:40 SdheroPro      : read it
13:40 SdheroPro      : this is all about the server
13:41 lsdfbdsfjsdhsdf: amour not in shop
13:41 SdheroPro      : you have to make it
13:41 SdheroPro      : by your self
13:41 SdheroPro      : by materials
13:41 lsdfbdsfjsdhsdf: saman
13:42 SdheroPro      : click on survival npc
13:42 SdheroPro      : go
13:43 SdheroPro      : is it working
13:43 lsdfbdsfjsdhsdf: not working
13:43 SdheroPro      : ok wait
13:52 lsdfbdsfjsdhsdf: oner food
13:52 SdheroPro      : sorry
13:52 SdheroPro      : i cant give anything this is a smp
13:52 SdheroPro      : you have to play
13:53 SdheroPro      : now check
13:53 SdheroPro      : the surviva;
13:53 lsdfbdsfjsdhsdf: food
13:53 SdheroPro      : sorry
13:53 SdheroPro      : i cnat give
13:54 lsdfbdsfjsdhsdf: 1 food
13:54 SdheroPro      : now check
13:54 SdheroPro      : click on it
13:54 lsdfbdsfjsdhsdf: anmil is cant spawn
13:54 SdheroPro      : kya
13:54 SdheroPro      : wait let me see
13:54 SdheroPro      : click on survival
13:55 SdheroPro      : check
13:55 SdheroPro      : click on the player
13:55 SdheroPro      : right click
13:55 SdheroPro      : right click
13:56 SdheroPro      : ook
14:49 SdheroPro :  placed a sign @ lobby1: x12, z-30
  LOBBY 1
14:58 lsdfbdsfjsdhsdf: saman
14:58 SdheroPro      : wait
14:59 SdheroPro      : server is under construction
14:59 lsdfbdsfjsdhsdf: give me cattive
14:59 SdheroPro      : no
15:02 lsdfbdsfjsdhsdf: WHERE ARE SHOPS
15:02 SdheroPro      : under construction
15:02 lsdfbdsfjsdhsdf: OK
15:03 lsdfbdsfjsdhsdf: GO ME TO WORID
15:03 SdheroPro      : n
15:03 SdheroPro      : wait until its built
15:03 SdheroPro      : properly
15:03 lsdfbdsfjsdhsdf: WHERE IS HABBND
15:03 SdheroPro      : sitting near me'
15:04 lsdfbdsfjsdhsdf: GAME CA ISKO
15:04 SdheroPro      : n
15:04 lsdfbdsfjsdhsdf: what ha daing
15:05 SdheroPro      : eating
16:27 Rank      : fuck
16:27 SdheroPro : fuck
16:27 SdheroPro : fuck
17:26 SdheroPro : hel
18:52 SdheroPro : helli
18:52 SdheroPro : hellicopter helicopetr
18:59 SdheroPro : h
20:06 SdheroPro : edit
