15:30 SdheroPro :  placed a sign @ lobby: x71, z46
  Rules:
  Do not Use hacks
  and tell me who 
  use hacks to ban
15:32 SdheroPro :  placed a sign @ lobby: x71, z45
  ban him and my 
  username is 
  SdheroPro(OWNER
15:32 SdheroPro :  placed a sign @ lobby: x71, z44
  RandomTp
  use /rtp to
  get randomly tp
  in survival
15:33 SdheroPro :  placed a sign @ lobby: x71, z43
  use rtp only
  in the survival 
  world by going
  into the portal
15:34 SdheroPro :  placed a sign @ lobby: x71, z42
  that is in the
  herobrines hand
  and you can set
  home by
15:35 SdheroPro :  placed a sign @ lobby: x71, z41
  doing /sethome
  and to get into
  your home use
  /home
15:36 SdheroPro :  placed a sign @ lobby: x71, z46
  to teleport to
  players use
  /tpa command
  and /tpaccept
15:36 SdheroPro :  placed a sign @ lobby: x71, z45
  To Get Ranks 
  go to the hut that
  is at a corner of
  this land
15:37 SdheroPro :  placed a sign @ lobby: x71, z44
  Ranks will give u
  money and some
  other features
  go in hut for mor
15:38 SdheroPro :  placed a sign @ lobby: x71, z43
  To get jobs and
  earn money use
  /jobs browse
15:38 SdheroPro :  placed a sign @ lobby: x71, z42
  To check your 
  money use /bal
  and to pay use
  /pay
15:39 SdheroPro :  placed a sign @ lobby: x71, z41
  To Buy items use
  /shop 
15:41 SdheroPro :  placed a sign @ lobby: x71, z46
  To get info about
  warp use /pwarp
  help.To get warp
  list use /pws
15:42 SdheroPro :  placed a sign @ lobby: x71, z45
  To create warp 
  use /pwarp
  set (name)
15:43 SdheroPro :  placed a sign @ lobby: x71, z44
  To open auction
  use /ah and  to
  sell use /ah sell
  (price)
15:43 SdheroPro :  placed a sign @ lobby: x71, z43
  To Claim land
  you need a gold
  shovel
15:45 SdheroPro :  placed a sign @ lobby: x71, z42
  To give pets
  use /givepet
  command
16:01 SdheroPro :  placed a sign @ lobby: x71, z41
  Commands are on
  Backside
16:03 SdheroPro :  placed a sign @ lobby: x69, z41
  /hub
  /lobby
  /spawn
  /sethome
16:04 SdheroPro :  placed a sign @ lobby: x69, z42
  /home
  /ah
  /ah sell <price>
  /pws
16:05 SdheroPro :  placed a sign @ lobby: x69, z43
  /tpa
  /tpahere
  /tpaccept
  /tpaignore
16:07 SdheroPro :  placed a sign @ lobby: x69, z44
  /shop
  /trust 
  /pwarp set 
  /claimlist
16:09 SdheroPro :  placed a sign @ lobby: x69, z45
  /givepet
  /rtp
  /job
  /bal
16:13 SdheroPro :  placed a sign @ lobby: x69, z46
  /untrust
  /pay
  /abandonallclaims
16:13 SdheroPro :  placed a sign @ lobby: x69, z41
  Explore Server 
  and learn more
  about it
  from players
16:14 SdheroPro :  placed a sign @ lobby: x69, z42
  and Owners
16:14 SdheroPro :  placed a sign @ lobby: x69, z43
  Report me to ban
  players
  SdheroPro
  The Owner
16:25 SdheroPro :  placed a sign @ lobby: x69, z41
  Explore Server 
  and learn more
  about it
  from players
16:25 SdheroPro :  placed a sign @ lobby: x69, z41
  Explore Server 
  and learn more
  about it
  from players
16:28 SdheroPro :  placed a sign @ lobby: x69, z44
  /realtime
16:31 SdheroPro : /me 
16:38 SdheroPro :  placed a sign @ lobby: x71, z44
  Ranks will give 
  money and some
  other features
  see on backside
16:39 SdheroPro :  placed a sign @ lobby: x69, z45
  There are Many
  Ranks and each
  have its own 
  speciality
16:42 SdheroPro : Noob , Pro , Legend , Titan , Vip , Devil , Hacker , Herobrine
16:42 SdheroPro :  placed a sign @ lobby: x69, z46
  Noob , Pro ,
  Legend , 
16:43 SdheroPro :  placed a sign @ lobby: x69, z46
  Noob , Pro ,
  Legend , Titan ,
  Vip , Devil ,
  Hacker,Herobrine
16:44 SdheroPro :  placed a sign @ lobby: x69, z41
  The Ranks are
  provided in the
  Sequence.
16:45 SdheroPro :  placed a sign @ lobby: x69, z42
  Noob rank;
  its required to 
  get Pro rank but
  no ability for this
16:46 SdheroPro :  placed a sign @ lobby: x69, z43
  Pro rank:
  Will be provided 
  4000 Claim Blocks
  req to get next
16:47 SdheroPro :  placed a sign @ lobby: x91, z17
  d
16:49 SdheroPro :  placed a sign @ lobby: x69, z44
  Legend Rank:
  Will rewarded 
  10000 claimblocks
  req to get next
16:50 SdheroPro :  placed a sign @ lobby: x69, z45
  Titan rank:
  Will rewarded
  20K claimblocks 
  Titan Kit
16:50 SdheroPro :  placed a sign @ lobby: x69, z46
  Next all ranks 
  info is at the hut
  on the corner
16:51 SdheroPro : Vip , Devil , Hacker , Herobrine
16:52 SdheroPro :  placed a sign @ lobby: x90, z17
  Vip rank:
  30K Claim blocks
  and Vip Kit 
16:52 SdheroPro : Devil , Hacker , Herobrine
16:53 SdheroPro :  placed a sign @ lobby: x91, z17
  Devil Rank:
  40K claim blocks
  and Devil Kit
  earn random 
16:54 SdheroPro :  placed a sign @ lobby: x90, z17
  devil-- amount
  of money when a 
  new rank get pur
  chased
16:55 SdheroPro :  placed a sign @ lobby: x91, z17
  Hacker Rank:
  50K claim blocks
  earn 80% of evry
  rank purchased
16:56 SdheroPro :  placed a sign @ lobby: x92, z17
  HEROBRINE:
  100K ClaimBlocks
  Earn 100% of 
  every rank
16:57 SdheroPro :  placed a sign @ lobby: x90, z17
  get purchased
  Herobrine Kit+
  random money 
  from owner daily
16:57 SdheroPro :  placed a sign @ lobby: x91, z17
  d
16:58 SdheroPro :  placed a sign @ lobby: x91, z17
  Price:
  Noob:$1k
  Pro:$50K
16:58 SdheroPro : Noob , Pro , Legend , Titan , Vip , Devil , Hacker , Herobrine
16:59 SdheroPro :  placed a sign @ lobby: x91, z17
  Price:
  Noob:$1k
  Pro:$30K
  Legend:$50K
16:59 SdheroPro :  placed a sign @ lobby: x92, z17
  Titan:$400K
16:59 SdheroPro :  placed a sign @ lobby: x92, z17
  Titan:$200K
17:00 SdheroPro :  placed a sign @ lobby: x92, z17
  Titan:$200K
  Vip:$1M
17:00 SdheroPro :  placed a sign @ lobby: x92, z17
  Titan:$200K
  Vip:$1M
  Devil:$2M
  Hacker:$5M
17:01 SdheroPro :  placed a sign @ lobby: x91, z17
  Herobrine:$10M
  $$$$$$$$$$$$$$$
  $$$$$$$$$$$$$$$
  $$$$$$$$$$$$$$$
17:02 SdheroPro :  placed a sign @ lobby: x92, z17
  i have written
  daily but its when
  i am online means
  owner is online
17:02 SdheroPro :  placed a sign @ lobby: x93, z17
  Ranks are only 
  given by Owner
  when he is online
  Total 4 Owners
17:06 SdheroPro : &4
17:06 SdheroPro : &4 55
17:06 SdheroPro : &4 55 &4
17:16 SdheroPro : Noob , Pro , Legend , Titan , Vip , Devil , Hacker , Herobrine
17:28 SdheroPro :  placed a sign @ lobby: x91, z17
  Devil Rank:
  40K claim blocks
  earn random am-
  ount of money
17:29 SdheroPro :  placed a sign @ lobby: x90, z17
  Vip rank:
  30K Claim blocks
  and Get 10 nethe
  rite blocks
17:30 SdheroPro :  placed a sign @ lobby: x69, z45
  Titan rank:
  Will rewarded
  20K claimblocks 
  get 4 villager egg
17:51 SdheroPro :  placed a sign @ lobby: x95, z20
  HEROBRINE KIT
  Preview
17:57 SdheroPro :  placed a sign @ lobby: x73, z44
  Subscribe to my
  Channel 
  Please Donate us
  For aGoodServer
17:58 SdheroPro :  placed a sign @ lobby: x73, z43
  Play and have
  fun - Share it
  to your friends
18:11 SdheroPro :  placed a sign @ lobby: x73, z42
  use 
  /links:donate
  use 
  /links:youtube
18:12 SdheroPro :  placed a sign @ lobby: x73, z41
  use
  /links:discord
